<?xml version="1.0" encoding="utf-8"?><testsuites name="pytest tests"><testsuite name="pytest" errors="0" failures="0" skipped="0" tests="16" time="3.970" timestamp="2026-03-19T18:17:19.440518+00:00" hostname="agent-env-5f33254e-2ab3-4215-bd34-de023fccf018"><testcase classname="tests.test_chatbot_and_courses.TestCoursesAPI" name="test_get_all_courses" time="0.165" /><testcase classname="tests.test_chatbot_and_courses.TestCoursesAPI" name="test_courses_have_required_fields" time="0.145" /><testcase classname="tests.test_chatbot_and_courses.TestCoursesAPI" name="test_specific_course_rcp_dea" time="0.104" /><testcase classname="tests.test_chatbot_and_courses.TestCoursesAPI" name="test_specific_course_primeros_auxilios" time="0.106" /><testcase classname="tests.test_chatbot_and_courses.TestCoursesAPI" name="test_specific_course_svb" time="0.112" /><testcase classname="tests.test_chatbot_and_courses.TestCoursesAPI" name="test_specific_course_emergencias" time="0.108" /><testcase classname="tests.test_chatbot_and_courses.TestCoursesAPI" name="test_specific_course_atragantamiento" time="0.135" /><testcase classname="tests.test_chatbot_and_courses.TestCoursesAPI" name="test_specific_course_heridas" time="0.166" /><testcase classname="tests.test_chatbot_and_courses.TestChatbotAPI" name="test_chatbot_initial_message" time="0.125" /><testcase classname="tests.test_chatbot_and_courses.TestChatbotAPI" name="test_chatbot_has_three_option_buttons" time="0.111" /><testcase classname="tests.test_chatbot_and_courses.TestChatbotAPI" name="test_chatbot_cobertura_flow" time="0.296" /><testcase classname="tests.test_chatbot_and_courses.TestChatbotAPI" name="test_chatbot_formacion_flow" time="0.121" /><testcase classname="tests.test_chatbot_and_courses.TestChatbotAPI" name="test_chatbot_salud_laboral_flow" time="0.098" /><testcase classname="tests.test_chatbot_and_courses.TestChatbotCompleteFlow" name="test_complete_cobertura_flow" time="1.297" /><testcase classname="tests.test_chatbot_and_courses.TestAuthAPI" name="test_login_success" time="0.378" /><testcase classname="tests.test_chatbot_and_courses.TestAuthAPI" name="test_login_invalid_credentials" time="0.347" /></testsuite></testsuites>